<?xml version="1.0" encoding="UTF-8"?>
<testsuite name="DnDCharacterTest" tests="19" skipped="0" failures="0" errors="0" timestamp="2021-01-05T09:01:28" hostname="Ollies-MacBook-Pro.local" time="0.212">
  <properties/>
  <testcase name="testAbilityModifierForScore3IsNegative4" classname="DnDCharacterTest" time="0.004"/>
  <testcase name="testAbilityModifierForScore4IsNegative3" classname="DnDCharacterTest" time="0.001"/>
  <testcase name="testRandomAbilityIsWithinRange" classname="DnDCharacterTest" time="0.001"/>
  <testcase name="testAbilityModifierForScore5IsNegative3" classname="DnDCharacterTest" time="0.001"/>
  <testcase name="testAbilityModifierForScore10Is0" classname="DnDCharacterTest" time="0.0"/>
  <testcase name="testAbilityModifierForScore11Is0" classname="DnDCharacterTest" time="0.0"/>
  <testcase name="testAbilityModifierForScore12Is1" classname="DnDCharacterTest" time="0.001"/>
  <testcase name="testAbilityModifierForScore13Is1" classname="DnDCharacterTest" time="0.0"/>
  <testcase name="testAbilityModifierForScore14Is2" classname="DnDCharacterTest" time="0.001"/>
  <testcase name="testAbilityModifierForScore15Is2" classname="DnDCharacterTest" time="0.001"/>
  <testcase name="testAbilityModifierForScore16Is3" classname="DnDCharacterTest" time="0.0"/>
  <testcase name="testAbilityModifierForScore17Is3" classname="DnDCharacterTest" time="0.001"/>
  <testcase name="testAbilityModifierForScore18Is4" classname="DnDCharacterTest" time="0.0"/>
  <testcase name="testEachAbilityIsOnlyCalculatedOnce" classname="DnDCharacterTest" time="0.0"/>
  <testcase name="testAbilityModifierForScore6IsNegative2" classname="DnDCharacterTest" time="0.0"/>
  <testcase name="testAbilityModifierForScore7IsNegative2" classname="DnDCharacterTest" time="0.002"/>
  <testcase name="testAbilityModifierForScore8IsNegative1" classname="DnDCharacterTest" time="0.001"/>
  <testcase name="testAbilityModifierForScore9IsNegative1" classname="DnDCharacterTest" time="0.0"/>
  <testcase name="testRandomCharacterIsValid" classname="DnDCharacterTest" time="0.196"/>
  <system-out><![CDATA[3
-7
-3.5
4
-6
-3.0
5
-5
-2.5
10
0
0.0
11
1
0.5
12
2
1.0
13
3
1.5
14
4
2.0
15
5
2.5
16
6
3.0
17
7
3.5
18
8
4.0
6
-4
-2.0
7
-3
-1.5
8
-2
-1.0
9
-1
-0.5
14
4
2.0
14
4
2.0
8
-2
-1.0
8
-2
-1.0
12
2
1.0
12
2
1.0
7
-3
-1.5
7
-3
-1.5
11
1
0.5
11
1
0.5
18
8
4.0
18
8
4.0
13
3
1.5
13
3
1.5
15
5
2.5
15
5
2.5
9
-1
-0.5
9
-1
-0.5
13
3
1.5
13
3
1.5
11
1
0.5
11
1
0.5
10
0
0.0
10
0
0.0
14
4
2.0
14
4
2.0
11
1
0.5
11
1
0.5
10
0
0.0
10
0
0.0
9
-1
-0.5
9
-1
-0.5
11
1
0.5
11
1
0.5
10
0
0.0
10
0
0.0
12
2
1.0
12
2
1.0
16
6
3.0
16
6
3.0
12
2
1.0
12
2
1.0
12
2
1.0
12
2
1.0
15
5
2.5
15
5
2.5
14
4
2.0
14
4
2.0
6
-4
-2.0
6
-4
-2.0
11
1
0.5
11
1
0.5
11
1
0.5
11
1
0.5
10
0
0.0
10
0
0.0
13
3
1.5
13
3
1.5
13
3
1.5
13
3
1.5
17
7
3.5
17
7
3.5
8
-2
-1.0
8
-2
-1.0
12
2
1.0
12
2
1.0
12
2
1.0
12
2
1.0
17
7
3.5
17
7
3.5
15
5
2.5
15
5
2.5
13
3
1.5
13
3
1.5
15
5
2.5
15
5
2.5
13
3
1.5
13
3
1.5
7
-3
-1.5
7
-3
-1.5
17
7
3.5
17
7
3.5
13
3
1.5
13
3
1.5
18
8
4.0
18
8
4.0
17
7
3.5
17
7
3.5
14
4
2.0
14
4
2.0
9
-1
-0.5
9
-1
-0.5
14
4
2.0
14
4
2.0
11
1
0.5
11
1
0.5
10
0
0.0
10
0
0.0
9
-1
-0.5
9
-1
-0.5
14
4
2.0
14
4
2.0
9
-1
-0.5
9
-1
-0.5
11
1
0.5
11
1
0.5
8
-2
-1.0
8
-2
-1.0
7
-3
-1.5
7
-3
-1.5
14
4
2.0
14
4
2.0
8
-2
-1.0
8
-2
-1.0
12
2
1.0
12
2
1.0
12
2
1.0
12
2
1.0
8
-2
-1.0
8
-2
-1.0
7
-3
-1.5
7
-3
-1.5
16
6
3.0
16
6
3.0
17
7
3.5
17
7
3.5
9
-1
-0.5
9
-1
-0.5
7
-3
-1.5
7
-3
-1.5
15
5
2.5
15
5
2.5
17
7
3.5
17
7
3.5
12
2
1.0
12
2
1.0
12
2
1.0
12
2
1.0
11
1
0.5
11
1
0.5
15
5
2.5
15
5
2.5
12
2
1.0
12
2
1.0
12
2
1.0
12
2
1.0
10
0
0.0
10
0
0.0
15
5
2.5
15
5
2.5
14
4
2.0
14
4
2.0
15
5
2.5
15
5
2.5
15
5
2.5
15
5
2.5
12
2
1.0
12
2
1.0
12
2
1.0
12
2
1.0
8
-2
-1.0
8
-2
-1.0
15
5
2.5
15
5
2.5
15
5
2.5
15
5
2.5
12
2
1.0
12
2
1.0
14
4
2.0
14
4
2.0
15
5
2.5
15
5
2.5
12
2
1.0
12
2
1.0
14
4
2.0
14
4
2.0
14
4
2.0
14
4
2.0
8
-2
-1.0
8
-2
-1.0
11
1
0.5
11
1
0.5
16
6
3.0
16
6
3.0
14
4
2.0
14
4
2.0
13
3
1.5
13
3
1.5
12
2
1.0
12
2
1.0
14
4
2.0
14
4
2.0
8
-2
-1.0
8
-2
-1.0
17
7
3.5
17
7
3.5
10
0
0.0
10
0
0.0
13
3
1.5
13
3
1.5
12
2
1.0
12
2
1.0
12
2
1.0
12
2
1.0
12
2
1.0
12
2
1.0
13
3
1.5
13
3
1.5
18
8
4.0
18
8
4.0
15
5
2.5
15
5
2.5
8
-2
-1.0
8
-2
-1.0
13
3
1.5
13
3
1.5
12
2
1.0
12
2
1.0
13
3
1.5
13
3
1.5
12
2
1.0
12
2
1.0
9
-1
-0.5
9
-1
-0.5
13
3
1.5
13
3
1.5
15
5
2.5
15
5
2.5
14
4
2.0
14
4
2.0
12
2
1.0
12
2
1.0
11
1
0.5
11
1
0.5
13
3
1.5
13
3
1.5
12
2
1.0
12
2
1.0
16
6
3.0
16
6
3.0
9
-1
-0.5
9
-1
-0.5
18
8
4.0
18
8
4.0
10
0
0.0
10
0
0.0
12
2
1.0
12
2
1.0
7
-3
-1.5
7
-3
-1.5
10
0
0.0
10
0
0.0
12
2
1.0
12
2
1.0
3
-7
-3.5
3
-7
-3.5
10
0
0.0
10
0
0.0
7
-3
-1.5
7
-3
-1.5
15
5
2.5
15
5
2.5
13
3
1.5
13
3
1.5
9
-1
-0.5
9
-1
-0.5
9
-1
-0.5
9
-1
-0.5
12
2
1.0
12
2
1.0
10
0
0.0
10
0
0.0
8
-2
-1.0
8
-2
-1.0
9
-1
-0.5
9
-1
-0.5
9
-1
-0.5
9
-1
-0.5
16
6
3.0
16
6
3.0
7
-3
-1.5
7
-3
-1.5
14
4
2.0
14
4
2.0
4
-6
-3.0
4
-6
-3.0
11
1
0.5
11
1
0.5
13
3
1.5
13
3
1.5
9
-1
-0.5
9
-1
-0.5
14
4
2.0
14
4
2.0
9
-1
-0.5
9
-1
-0.5
12
2
1.0
12
2
1.0
12
2
1.0
12
2
1.0
11
1
0.5
11
1
0.5
10
0
0.0
10
0
0.0
13
3
1.5
13
3
1.5
10
0
0.0
10
0
0.0
15
5
2.5
15
5
2.5
10
0
0.0
10
0
0.0
11
1
0.5
11
1
0.5
7
-3
-1.5
7
-3
-1.5
14
4
2.0
14
4
2.0
16
6
3.0
16
6
3.0
13
3
1.5
13
3
1.5
6
-4
-2.0
6
-4
-2.0
8
-2
-1.0
8
-2
-1.0
8
-2
-1.0
8
-2
-1.0
12
2
1.0
12
2
1.0
18
8
4.0
18
8
4.0
7
-3
-1.5
7
-3
-1.5
12
2
1.0
12
2
1.0
8
-2
-1.0
8
-2
-1.0
15
5
2.5
15
5
2.5
11
1
0.5
11
1
0.5
16
6
3.0
16
6
3.0
13
3
1.5
13
3
1.5
13
3
1.5
13
3
1.5
11
1
0.5
11
1
0.5
17
7
3.5
17
7
3.5
14
4
2.0
14
4
2.0
9
-1
-0.5
9
-1
-0.5
11
1
0.5
11
1
0.5
9
-1
-0.5
9
-1
-0.5
11
1
0.5
11
1
0.5
11
1
0.5
11
1
0.5
13
3
1.5
13
3
1.5
9
-1
-0.5
9
-1
-0.5
17
7
3.5
17
7
3.5
17
7
3.5
17
7
3.5
9
-1
-0.5
9
-1
-0.5
13
3
1.5
13
3
1.5
13
3
1.5
13
3
1.5
10
0
0.0
10
0
0.0
10
0
0.0
10
0
0.0
7
-3
-1.5
7
-3
-1.5
10
0
0.0
10
0
0.0
8
-2
-1.0
8
-2
-1.0
13
3
1.5
13
3
1.5
15
5
2.5
15
5
2.5
10
0
0.0
10
0
0.0
13
3
1.5
13
3
1.5
17
7
3.5
17
7
3.5
15
5
2.5
15
5
2.5
13
3
1.5
13
3
1.5
13
3
1.5
13
3
1.5
9
-1
-0.5
9
-1
-0.5
10
0
0.0
10
0
0.0
14
4
2.0
14
4
2.0
12
2
1.0
12
2
1.0
14
4
2.0
14
4
2.0
18
8
4.0
18
8
4.0
14
4
2.0
14
4
2.0
18
8
4.0
18
8
4.0
15
5
2.5
15
5
2.5
12
2
1.0
12
2
1.0
8
-2
-1.0
8
-2
-1.0
12
2
1.0
12
2
1.0
11
1
0.5
11
1
0.5
11
1
0.5
11
1
0.5
10
0
0.0
10
0
0.0
14
4
2.0
14
4
2.0
8
-2
-1.0
8
-2
-1.0
10
0
0.0
10
0
0.0
15
5
2.5
15
5
2.5
15
5
2.5
15
5
2.5
9
-1
-0.5
9
-1
-0.5
11
1
0.5
11
1
0.5
10
0
0.0
10
0
0.0
18
8
4.0
18
8
4.0
11
1
0.5
11
1
0.5
12
2
1.0
12
2
1.0
16
6
3.0
16
6
3.0
13
3
1.5
13
3
1.5
13
3
1.5
13
3
1.5
13
3
1.5
13
3
1.5
11
1
0.5
11
1
0.5
8
-2
-1.0
8
-2
-1.0
13
3
1.5
13
3
1.5
8
-2
-1.0
8
-2
-1.0
15
5
2.5
15
5
2.5
13
3
1.5
13
3
1.5
14
4
2.0
14
4
2.0
12
2
1.0
12
2
1.0
15
5
2.5
15
5
2.5
14
4
2.0
14
4
2.0
11
1
0.5
11
1
0.5
11
1
0.5
11
1
0.5
16
6
3.0
16
6
3.0
9
-1
-0.5
9
-1
-0.5
10
0
0.0
10
0
0.0
15
5
2.5
15
5
2.5
15
5
2.5
15
5
2.5
6
-4
-2.0
6
-4
-2.0
8
-2
-1.0
8
-2
-1.0
10
0
0.0
10
0
0.0
4
-6
-3.0
4
-6
-3.0
14
4
2.0
14
4
2.0
12
2
1.0
12
2
1.0
6
-4
-2.0
6
-4
-2.0
8
-2
-1.0
8
-2
-1.0
12
2
1.0
12
2
1.0
14
4
2.0
14
4
2.0
14
4
2.0
14
4
2.0
9
-1
-0.5
9
-1
-0.5
15
5
2.5
15
5
2.5
11
1
0.5
11
1
0.5
12
2
1.0
12
2
1.0
14
4
2.0
14
4
2.0
13
3
1.5
13
3
1.5
11
1
0.5
11
1
0.5
12
2
1.0
12
2
1.0
11
1
0.5
11
1
0.5
14
4
2.0
14
4
2.0
7
-3
-1.5
7
-3
-1.5
7
-3
-1.5
7
-3
-1.5
15
5
2.5
15
5
2.5
12
2
1.0
12
2
1.0
13
3
1.5
13
3
1.5
14
4
2.0
14
4
2.0
10
0
0.0
10
0
0.0
15
5
2.5
15
5
2.5
7
-3
-1.5
7
-3
-1.5
10
0
0.0
10
0
0.0
13
3
1.5
13
3
1.5
13
3
1.5
13
3
1.5
8
-2
-1.0
8
-2
-1.0
15
5
2.5
15
5
2.5
15
5
2.5
15
5
2.5
15
5
2.5
15
5
2.5
11
1
0.5
11
1
0.5
6
-4
-2.0
6
-4
-2.0
13
3
1.5
13
3
1.5
11
1
0.5
11
1
0.5
12
2
1.0
12
2
1.0
14
4
2.0
14
4
2.0
9
-1
-0.5
9
-1
-0.5
13
3
1.5
13
3
1.5
15
5
2.5
15
5
2.5
8
-2
-1.0
8
-2
-1.0
11
1
0.5
11
1
0.5
12
2
1.0
12
2
1.0
17
7
3.5
17
7
3.5
15
5
2.5
15
5
2.5
14
4
2.0
14
4
2.0
10
0
0.0
10
0
0.0
10
0
0.0
10
0
0.0
7
-3
-1.5
7
-3
-1.5
15
5
2.5
15
5
2.5
14
4
2.0
14
4
2.0
11
1
0.5
11
1
0.5
13
3
1.5
13
3
1.5
13
3
1.5
13
3
1.5
11
1
0.5
11
1
0.5
14
4
2.0
14
4
2.0
7
-3
-1.5
7
-3
-1.5
18
8
4.0
18
8
4.0
14
4
2.0
14
4
2.0
15
5
2.5
15
5
2.5
11
1
0.5
11
1
0.5
11
1
0.5
11
1
0.5
12
2
1.0
12
2
1.0
14
4
2.0
14
4
2.0
10
0
0.0
10
0
0.0
13
3
1.5
13
3
1.5
5
-5
-2.5
5
-5
-2.5
14
4
2.0
14
4
2.0
17
7
3.5
17
7
3.5
10
0
0.0
10
0
0.0
13
3
1.5
13
3
1.5
13
3
1.5
13
3
1.5
14
4
2.0
14
4
2.0
13
3
1.5
13
3
1.5
9
-1
-0.5
9
-1
-0.5
12
2
1.0
12
2
1.0
15
5
2.5
15
5
2.5
12
2
1.0
12
2
1.0
8
-2
-1.0
8
-2
-1.0
12
2
1.0
12
2
1.0
17
7
3.5
17
7
3.5
13
3
1.5
13
3
1.5
13
3
1.5
13
3
1.5
15
5
2.5
15
5
2.5
14
4
2.0
14
4
2.0
11
1
0.5
11
1
0.5
13
3
1.5
13
3
1.5
7
-3
-1.5
7
-3
-1.5
9
-1
-0.5
9
-1
-0.5
7
-3
-1.5
7
-3
-1.5
12
2
1.0
12
2
1.0
18
8
4.0
18
8
4.0
15
5
2.5
15
5
2.5
14
4
2.0
14
4
2.0
12
2
1.0
12
2
1.0
13
3
1.5
13
3
1.5
11
1
0.5
11
1
0.5
10
0
0.0
10
0
0.0
6
-4
-2.0
6
-4
-2.0
11
1
0.5
11
1
0.5
10
0
0.0
10
0
0.0
11
1
0.5
11
1
0.5
13
3
1.5
13
3
1.5
10
0
0.0
10
0
0.0
8
-2
-1.0
8
-2
-1.0
14
4
2.0
14
4
2.0
12
2
1.0
12
2
1.0
13
3
1.5
13
3
1.5
9
-1
-0.5
9
-1
-0.5
16
6
3.0
16
6
3.0
11
1
0.5
11
1
0.5
14
4
2.0
14
4
2.0
10
0
0.0
10
0
0.0
14
4
2.0
14
4
2.0
17
7
3.5
17
7
3.5
15
5
2.5
15
5
2.5
12
2
1.0
12
2
1.0
7
-3
-1.5
7
-3
-1.5
10
0
0.0
10
0
0.0
15
5
2.5
15
5
2.5
6
-4
-2.0
6
-4
-2.0
15
5
2.5
15
5
2.5
14
4
2.0
14
4
2.0
12
2
1.0
12
2
1.0
11
1
0.5
11
1
0.5
16
6
3.0
16
6
3.0
9
-1
-0.5
9
-1
-0.5
13
3
1.5
13
3
1.5
12
2
1.0
12
2
1.0
11
1
0.5
11
1
0.5
11
1
0.5
11
1
0.5
10
0
0.0
10
0
0.0
14
4
2.0
14
4
2.0
11
1
0.5
11
1
0.5
16
6
3.0
16
6
3.0
9
-1
-0.5
9
-1
-0.5
13
3
1.5
13
3
1.5
14
4
2.0
14
4
2.0
12
2
1.0
12
2
1.0
11
1
0.5
11
1
0.5
14
4
2.0
14
4
2.0
13
3
1.5
13
3
1.5
9
-1
-0.5
9
-1
-0.5
12
2
1.0
12
2
1.0
13
3
1.5
13
3
1.5
12
2
1.0
12
2
1.0
8
-2
-1.0
8
-2
-1.0
13
3
1.5
13
3
1.5
12
2
1.0
12
2
1.0
9
-1
-0.5
9
-1
-0.5
15
5
2.5
15
5
2.5
9
-1
-0.5
9
-1
-0.5
6
-4
-2.0
6
-4
-2.0
8
-2
-1.0
8
-2
-1.0
7
-3
-1.5
7
-3
-1.5
9
-1
-0.5
9
-1
-0.5
13
3
1.5
13
3
1.5
14
4
2.0
14
4
2.0
8
-2
-1.0
8
-2
-1.0
13
3
1.5
13
3
1.5
9
-1
-0.5
9
-1
-0.5
12
2
1.0
12
2
1.0
13
3
1.5
13
3
1.5
8
-2
-1.0
8
-2
-1.0
13
3
1.5
13
3
1.5
11
1
0.5
11
1
0.5
9
-1
-0.5
9
-1
-0.5
12
2
1.0
12
2
1.0
10
0
0.0
10
0
0.0
14
4
2.0
14
4
2.0
8
-2
-1.0
8
-2
-1.0
13
3
1.5
13
3
1.5
11
1
0.5
11
1
0.5
16
6
3.0
16
6
3.0
13
3
1.5
13
3
1.5
10
0
0.0
10
0
0.0
10
0
0.0
10
0
0.0
14
4
2.0
14
4
2.0
9
-1
-0.5
9
-1
-0.5
11
1
0.5
11
1
0.5
10
0
0.0
10
0
0.0
13
3
1.5
13
3
1.5
17
7
3.5
17
7
3.5
12
2
1.0
12
2
1.0
17
7
3.5
17
7
3.5
11
1
0.5
11
1
0.5
7
-3
-1.5
7
-3
-1.5
8
-2
-1.0
8
-2
-1.0
13
3
1.5
13
3
1.5
13
3
1.5
13
3
1.5
13
3
1.5
13
3
1.5
9
-1
-0.5
9
-1
-0.5
11
1
0.5
11
1
0.5
7
-3
-1.5
7
-3
-1.5
13
3
1.5
13
3
1.5
15
5
2.5
15
5
2.5
11
1
0.5
11
1
0.5
13
3
1.5
13
3
1.5
11
1
0.5
11
1
0.5
14
4
2.0
14
4
2.0
11
1
0.5
11
1
0.5
11
1
0.5
11
1
0.5
17
7
3.5
17
7
3.5
16
6
3.0
16
6
3.0
13
3
1.5
13
3
1.5
11
1
0.5
11
1
0.5
12
2
1.0
12
2
1.0
13
3
1.5
13
3
1.5
9
-1
-0.5
9
-1
-0.5
7
-3
-1.5
7
-3
-1.5
11
1
0.5
11
1
0.5
11
1
0.5
11
1
0.5
13
3
1.5
13
3
1.5
11
1
0.5
11
1
0.5
9
-1
-0.5
9
-1
-0.5
6
-4
-2.0
6
-4
-2.0
7
-3
-1.5
7
-3
-1.5
16
6
3.0
16
6
3.0
13
3
1.5
13
3
1.5
13
3
1.5
13
3
1.5
17
7
3.5
17
7
3.5
16
6
3.0
16
6
3.0
13
3
1.5
13
3
1.5
11
1
0.5
11
1
0.5
12
2
1.0
12
2
1.0
15
5
2.5
15
5
2.5
6
-4
-2.0
6
-4
-2.0
12
2
1.0
12
2
1.0
18
8
4.0
18
8
4.0
10
0
0.0
10
0
0.0
7
-3
-1.5
7
-3
-1.5
15
5
2.5
15
5
2.5
13
3
1.5
13
3
1.5
16
6
3.0
16
6
3.0
10
0
0.0
10
0
0.0
14
4
2.0
14
4
2.0
12
2
1.0
12
2
1.0
9
-1
-0.5
9
-1
-0.5
8
-2
-1.0
8
-2
-1.0
16
6
3.0
16
6
3.0
11
1
0.5
11
1
0.5
11
1
0.5
11
1
0.5
12
2
1.0
12
2
1.0
9
-1
-0.5
9
-1
-0.5
9
-1
-0.5
9
-1
-0.5
16
6
3.0
16
6
3.0
10
0
0.0
10
0
0.0
14
4
2.0
14
4
2.0
7
-3
-1.5
7
-3
-1.5
15
5
2.5
15
5
2.5
14
4
2.0
14
4
2.0
6
-4
-2.0
6
-4
-2.0
15
5
2.5
15
5
2.5
17
7
3.5
17
7
3.5
11
1
0.5
11
1
0.5
15
5
2.5
15
5
2.5
17
7
3.5
17
7
3.5
11
1
0.5
11
1
0.5
15
5
2.5
15
5
2.5
12
2
1.0
12
2
1.0
12
2
1.0
12
2
1.0
12
2
1.0
12
2
1.0
11
1
0.5
11
1
0.5
17
7
3.5
17
7
3.5
10
0
0.0
10
0
0.0
15
5
2.5
15
5
2.5
16
6
3.0
16
6
3.0
15
5
2.5
15
5
2.5
14
4
2.0
14
4
2.0
10
0
0.0
10
0
0.0
9
-1
-0.5
9
-1
-0.5
10
0
0.0
10
0
0.0
12
2
1.0
12
2
1.0
14
4
2.0
14
4
2.0
11
1
0.5
11
1
0.5
13
3
1.5
13
3
1.5
14
4
2.0
14
4
2.0
16
6
3.0
16
6
3.0
12
2
1.0
12
2
1.0
13
3
1.5
13
3
1.5
14
4
2.0
14
4
2.0
17
7
3.5
17
7
3.5
16
6
3.0
16
6
3.0
9
-1
-0.5
9
-1
-0.5
15
5
2.5
15
5
2.5
12
2
1.0
12
2
1.0
8
-2
-1.0
8
-2
-1.0
9
-1
-0.5
9
-1
-0.5
9
-1
-0.5
9
-1
-0.5
17
7
3.5
17
7
3.5
12
2
1.0
12
2
1.0
8
-2
-1.0
8
-2
-1.0
13
3
1.5
13
3
1.5
15
5
2.5
15
5
2.5
15
5
2.5
15
5
2.5
13
3
1.5
13
3
1.5
16
6
3.0
16
6
3.0
12
2
1.0
12
2
1.0
16
6
3.0
16
6
3.0
12
2
1.0
12
2
1.0
12
2
1.0
12
2
1.0
8
-2
-1.0
8
-2
-1.0
11
1
0.5
11
1
0.5
15
5
2.5
15
5
2.5
13
3
1.5
13
3
1.5
8
-2
-1.0
8
-2
-1.0
9
-1
-0.5
9
-1
-0.5
15
5
2.5
15
5
2.5
15
5
2.5
15
5
2.5
14
4
2.0
14
4
2.0
18
8
4.0
18
8
4.0
10
0
0.0
10
0
0.0
11
1
0.5
11
1
0.5
7
-3
-1.5
7
-3
-1.5
17
7
3.5
17
7
3.5
15
5
2.5
15
5
2.5
11
1
0.5
11
1
0.5
11
1
0.5
11
1
0.5
10
0
0.0
10
0
0.0
15
5
2.5
15
5
2.5
13
3
1.5
13
3
1.5
12
2
1.0
12
2
1.0
11
1
0.5
11
1
0.5
12
2
1.0
12
2
1.0
14
4
2.0
14
4
2.0
14
4
2.0
14
4
2.0
14
4
2.0
14
4
2.0
17
7
3.5
17
7
3.5
5
-5
-2.5
5
-5
-2.5
10
0
0.0
10
0
0.0
9
-1
-0.5
9
-1
-0.5
16
6
3.0
16
6
3.0
14
4
2.0
14
4
2.0
16
6
3.0
16
6
3.0
12
2
1.0
12
2
1.0
14
4
2.0
14
4
2.0
15
5
2.5
15
5
2.5
14
4
2.0
14
4
2.0
10
0
0.0
10
0
0.0
14
4
2.0
14
4
2.0
14
4
2.0
14
4
2.0
15
5
2.5
15
5
2.5
14
4
2.0
14
4
2.0
9
-1
-0.5
9
-1
-0.5
17
7
3.5
17
7
3.5
12
2
1.0
12
2
1.0
8
-2
-1.0
8
-2
-1.0
5
-5
-2.5
5
-5
-2.5
13
3
1.5
13
3
1.5
13
3
1.5
13
3
1.5
10
0
0.0
10
0
0.0
11
1
0.5
11
1
0.5
13
3
1.5
13
3
1.5
15
5
2.5
15
5
2.5
17
7
3.5
17
7
3.5
17
7
3.5
17
7
3.5
12
2
1.0
12
2
1.0
16
6
3.0
16
6
3.0
16
6
3.0
16
6
3.0
10
0
0.0
10
0
0.0
7
-3
-1.5
7
-3
-1.5
13
3
1.5
13
3
1.5
12
2
1.0
12
2
1.0
18
8
4.0
18
8
4.0
10
0
0.0
10
0
0.0
8
-2
-1.0
8
-2
-1.0
7
-3
-1.5
7
-3
-1.5
11
1
0.5
11
1
0.5
15
5
2.5
15
5
2.5
15
5
2.5
15
5
2.5
13
3
1.5
13
3
1.5
12
2
1.0
12
2
1.0
15
5
2.5
15
5
2.5
14
4
2.0
14
4
2.0
12
2
1.0
12
2
1.0
5
-5
-2.5
5
-5
-2.5
8
-2
-1.0
8
-2
-1.0
14
4
2.0
14
4
2.0
16
6
3.0
16
6
3.0
13
3
1.5
13
3
1.5
8
-2
-1.0
8
-2
-1.0
17
7
3.5
17
7
3.5
13
3
1.5
13
3
1.5
15
5
2.5
15
5
2.5
14
4
2.0
14
4
2.0
12
2
1.0
12
2
1.0
10
0
0.0
10
0
0.0
16
6
3.0
16
6
3.0
10
0
0.0
10
0
0.0
10
0
0.0
10
0
0.0
9
-1
-0.5
9
-1
-0.5
14
4
2.0
14
4
2.0
10
0
0.0
10
0
0.0
13
3
1.5
13
3
1.5
12
2
1.0
12
2
1.0
8
-2
-1.0
8
-2
-1.0
15
5
2.5
15
5
2.5
14
4
2.0
14
4
2.0
11
1
0.5
11
1
0.5
12
2
1.0
12
2
1.0
14
4
2.0
14
4
2.0
13
3
1.5
13
3
1.5
10
0
0.0
10
0
0.0
14
4
2.0
14
4
2.0
10
0
0.0
10
0
0.0
10
0
0.0
10
0
0.0
8
-2
-1.0
8
-2
-1.0
17
7
3.5
17
7
3.5
13
3
1.5
13
3
1.5
15
5
2.5
15
5
2.5
15
5
2.5
15
5
2.5
16
6
3.0
16
6
3.0
15
5
2.5
15
5
2.5
7
-3
-1.5
7
-3
-1.5
15
5
2.5
15
5
2.5
14
4
2.0
14
4
2.0
13
3
1.5
13
3
1.5
16
6
3.0
16
6
3.0
11
1
0.5
11
1
0.5
7
-3
-1.5
7
-3
-1.5
13
3
1.5
13
3
1.5
14
4
2.0
14
4
2.0
7
-3
-1.5
7
-3
-1.5
15
5
2.5
15
5
2.5
18
8
4.0
18
8
4.0
11
1
0.5
11
1
0.5
11
1
0.5
11
1
0.5
15
5
2.5
15
5
2.5
13
3
1.5
13
3
1.5
15
5
2.5
15
5
2.5
8
-2
-1.0
8
-2
-1.0
11
1
0.5
11
1
0.5
9
-1
-0.5
9
-1
-0.5
13
3
1.5
13
3
1.5
17
7
3.5
17
7
3.5
13
3
1.5
13
3
1.5
14
4
2.0
14
4
2.0
9
-1
-0.5
9
-1
-0.5
14
4
2.0
14
4
2.0
13
3
1.5
13
3
1.5
9
-1
-0.5
9
-1
-0.5
9
-1
-0.5
9
-1
-0.5
11
1
0.5
11
1
0.5
14
4
2.0
14
4
2.0
10
0
0.0
10
0
0.0
11
1
0.5
11
1
0.5
9
-1
-0.5
9
-1
-0.5
12
2
1.0
12
2
1.0
17
7
3.5
17
7
3.5
12
2
1.0
12
2
1.0
9
-1
-0.5
9
-1
-0.5
15
5
2.5
15
5
2.5
8
-2
-1.0
8
-2
-1.0
9
-1
-0.5
9
-1
-0.5
15
5
2.5
15
5
2.5
11
1
0.5
11
1
0.5
14
4
2.0
14
4
2.0
10
0
0.0
10
0
0.0
14
4
2.0
14
4
2.0
11
1
0.5
11
1
0.5
6
-4
-2.0
6
-4
-2.0
11
1
0.5
11
1
0.5
16
6
3.0
16
6
3.0
9
-1
-0.5
9
-1
-0.5
18
8
4.0
18
8
4.0
14
4
2.0
14
4
2.0
12
2
1.0
12
2
1.0
9
-1
-0.5
9
-1
-0.5
11
1
0.5
11
1
0.5
12
2
1.0
12
2
1.0
13
3
1.5
13
3
1.5
12
2
1.0
12
2
1.0
13
3
1.5
13
3
1.5
12
2
1.0
12
2
1.0
15
5
2.5
15
5
2.5
9
-1
-0.5
9
-1
-0.5
9
-1
-0.5
9
-1
-0.5
14
4
2.0
14
4
2.0
9
-1
-0.5
9
-1
-0.5
18
8
4.0
18
8
4.0
15
5
2.5
15
5
2.5
11
1
0.5
11
1
0.5
10
0
0.0
10
0
0.0
18
8
4.0
18
8
4.0
10
0
0.0
10
0
0.0
9
-1
-0.5
9
-1
-0.5
15
5
2.5
15
5
2.5
13
3
1.5
13
3
1.5
15
5
2.5
15
5
2.5
15
5
2.5
15
5
2.5
4
-6
-3.0
4
-6
-3.0
15
5
2.5
15
5
2.5
15
5
2.5
15
5
2.5
9
-1
-0.5
9
-1
-0.5
10
0
0.0
10
0
0.0
13
3
1.5
13
3
1.5
15
5
2.5
15
5
2.5
15
5
2.5
15
5
2.5
16
6
3.0
16
6
3.0
11
1
0.5
11
1
0.5
13
3
1.5
13
3
1.5
12
2
1.0
12
2
1.0
17
7
3.5
17
7
3.5
11
1
0.5
11
1
0.5
10
0
0.0
10
0
0.0
10
0
0.0
10
0
0.0
9
-1
-0.5
9
-1
-0.5
9
-1
-0.5
9
-1
-0.5
8
-2
-1.0
8
-2
-1.0
10
0
0.0
10
0
0.0
6
-4
-2.0
6
-4
-2.0
16
6
3.0
16
6
3.0
10
0
0.0
10
0
0.0
9
-1
-0.5
9
-1
-0.5
8
-2
-1.0
8
-2
-1.0
14
4
2.0
14
4
2.0
17
7
3.5
17
7
3.5
10
0
0.0
10
0
0.0
13
3
1.5
13
3
1.5
13
3
1.5
13
3
1.5
9
-1
-0.5
9
-1
-0.5
9
-1
-0.5
9
-1
-0.5
14
4
2.0
14
4
2.0
6
-4
-2.0
6
-4
-2.0
10
0
0.0
10
0
0.0
11
1
0.5
11
1
0.5
7
-3
-1.5
7
-3
-1.5
11
1
0.5
11
1
0.5
17
7
3.5
17
7
3.5
13
3
1.5
13
3
1.5
9
-1
-0.5
9
-1
-0.5
13
3
1.5
13
3
1.5
11
1
0.5
11
1
0.5
8
-2
-1.0
8
-2
-1.0
17
7
3.5
17
7
3.5
10
0
0.0
10
0
0.0
16
6
3.0
16
6
3.0
15
5
2.5
15
5
2.5
18
8
4.0
18
8
4.0
10
0
0.0
10
0
0.0
12
2
1.0
12
2
1.0
14
4
2.0
14
4
2.0
14
4
2.0
14
4
2.0
10
0
0.0
10
0
0.0
12
2
1.0
12
2
1.0
13
3
1.5
13
3
1.5
11
1
0.5
11
1
0.5
9
-1
-0.5
9
-1
-0.5
11
1
0.5
11
1
0.5
16
6
3.0
16
6
3.0
11
1
0.5
11
1
0.5
12
2
1.0
12
2
1.0
10
0
0.0
10
0
0.0
13
3
1.5
13
3
1.5
15
5
2.5
15
5
2.5
15
5
2.5
15
5
2.5
15
5
2.5
15
5
2.5
12
2
1.0
12
2
1.0
12
2
1.0
12
2
1.0
13
3
1.5
13
3
1.5
13
3
1.5
13
3
1.5
16
6
3.0
16
6
3.0
14
4
2.0
14
4
2.0
14
4
2.0
14
4
2.0
11
1
0.5
11
1
0.5
11
1
0.5
11
1
0.5
15
5
2.5
15
5
2.5
9
-1
-0.5
9
-1
-0.5
14
4
2.0
14
4
2.0
8
-2
-1.0
8
-2
-1.0
16
6
3.0
16
6
3.0
9
-1
-0.5
9
-1
-0.5
11
1
0.5
11
1
0.5
13
3
1.5
13
3
1.5
14
4
2.0
14
4
2.0
14
4
2.0
14
4
2.0
13
3
1.5
13
3
1.5
10
0
0.0
10
0
0.0
16
6
3.0
16
6
3.0
12
2
1.0
12
2
1.0
6
-4
-2.0
6
-4
-2.0
12
2
1.0
12
2
1.0
13
3
1.5
13
3
1.5
15
5
2.5
15
5
2.5
12
2
1.0
12
2
1.0
13
3
1.5
13
3
1.5
14
4
2.0
14
4
2.0
17
7
3.5
17
7
3.5
16
6
3.0
16
6
3.0
15
5
2.5
15
5
2.5
9
-1
-0.5
9
-1
-0.5
15
5
2.5
15
5
2.5
13
3
1.5
13
3
1.5
10
0
0.0
10
0
0.0
10
0
0.0
10
0
0.0
12
2
1.0
12
2
1.0
11
1
0.5
11
1
0.5
16
6
3.0
16
6
3.0
14
4
2.0
14
4
2.0
12
2
1.0
12
2
1.0
17
7
3.5
17
7
3.5
12
2
1.0
12
2
1.0
18
8
4.0
18
8
4.0
14
4
2.0
14
4
2.0
5
-5
-2.5
5
-5
-2.5
8
-2
-1.0
8
-2
-1.0
14
4
2.0
14
4
2.0
17
7
3.5
17
7
3.5
14
4
2.0
14
4
2.0
8
-2
-1.0
8
-2
-1.0
9
-1
-0.5
9
-1
-0.5
13
3
1.5
13
3
1.5
12
2
1.0
12
2
1.0
15
5
2.5
15
5
2.5
12
2
1.0
12
2
1.0
16
6
3.0
16
6
3.0
15
5
2.5
15
5
2.5
14
4
2.0
14
4
2.0
14
4
2.0
14
4
2.0
13
3
1.5
13
3
1.5
13
3
1.5
13
3
1.5
9
-1
-0.5
9
-1
-0.5
11
1
0.5
11
1
0.5
13
3
1.5
13
3
1.5
13
3
1.5
13
3
1.5
16
6
3.0
16
6
3.0
15
5
2.5
15
5
2.5
14
4
2.0
14
4
2.0
10
0
0.0
10
0
0.0
15
5
2.5
15
5
2.5
13
3
1.5
13
3
1.5
10
0
0.0
10
0
0.0
11
1
0.5
11
1
0.5
15
5
2.5
15
5
2.5
10
0
0.0
10
0
0.0
13
3
1.5
13
3
1.5
14
4
2.0
14
4
2.0
15
5
2.5
15
5
2.5
8
-2
-1.0
8
-2
-1.0
16
6
3.0
16
6
3.0
13
3
1.5
13
3
1.5
13
3
1.5
13
3
1.5
11
1
0.5
11
1
0.5
12
2
1.0
12
2
1.0
8
-2
-1.0
8
-2
-1.0
9
-1
-0.5
9
-1
-0.5
9
-1
-0.5
9
-1
-0.5
15
5
2.5
15
5
2.5
10
0
0.0
10
0
0.0
9
-1
-0.5
9
-1
-0.5
12
2
1.0
12
2
1.0
15
5
2.5
15
5
2.5
7
-3
-1.5
7
-3
-1.5
10
0
0.0
10
0
0.0
14
4
2.0
14
4
2.0
11
1
0.5
11
1
0.5
13
3
1.5
13
3
1.5
18
8
4.0
18
8
4.0
6
-4
-2.0
6
-4
-2.0
10
0
0.0
10
0
0.0
15
5
2.5
15
5
2.5
12
2
1.0
12
2
1.0
11
1
0.5
11
1
0.5
12
2
1.0
12
2
1.0
12
2
1.0
12
2
1.0
18
8
4.0
18
8
4.0
11
1
0.5
11
1
0.5
11
1
0.5
11
1
0.5
10
0
0.0
10
0
0.0
17
7
3.5
17
7
3.5
17
7
3.5
17
7
3.5
14
4
2.0
14
4
2.0
15
5
2.5
15
5
2.5
12
2
1.0
12
2
1.0
15
5
2.5
15
5
2.5
12
2
1.0
12
2
1.0
13
3
1.5
13
3
1.5
17
7
3.5
17
7
3.5
8
-2
-1.0
8
-2
-1.0
13
3
1.5
13
3
1.5
12
2
1.0
12
2
1.0
13
3
1.5
13
3
1.5
13
3
1.5
13
3
1.5
14
4
2.0
14
4
2.0
10
0
0.0
10
0
0.0
17
7
3.5
17
7
3.5
11
1
0.5
11
1
0.5
9
-1
-0.5
9
-1
-0.5
9
-1
-0.5
9
-1
-0.5
15
5
2.5
15
5
2.5
12
2
1.0
12
2
1.0
8
-2
-1.0
8
-2
-1.0
14
4
2.0
14
4
2.0
13
3
1.5
13
3
1.5
11
1
0.5
11
1
0.5
14
4
2.0
14
4
2.0
13
3
1.5
13
3
1.5
8
-2
-1.0
8
-2
-1.0
13
3
1.5
13
3
1.5
16
6
3.0
16
6
3.0
16
6
3.0
16
6
3.0
18
8
4.0
18
8
4.0
13
3
1.5
13
3
1.5
13
3
1.5
13
3
1.5
14
4
2.0
14
4
2.0
14
4
2.0
14
4
2.0
11
1
0.5
11
1
0.5
14
4
2.0
14
4
2.0
15
5
2.5
15
5
2.5
14
4
2.0
14
4
2.0
12
2
1.0
12
2
1.0
11
1
0.5
11
1
0.5
11
1
0.5
11
1
0.5
18
8
4.0
18
8
4.0
10
0
0.0
10
0
0.0
9
-1
-0.5
9
-1
-0.5
8
-2
-1.0
8
-2
-1.0
15
5
2.5
15
5
2.5
13
3
1.5
13
3
1.5
10
0
0.0
10
0
0.0
16
6
3.0
16
6
3.0
12
2
1.0
12
2
1.0
15
5
2.5
15
5
2.5
10
0
0.0
10
0
0.0
18
8
4.0
18
8
4.0
15
5
2.5
15
5
2.5
8
-2
-1.0
8
-2
-1.0
11
1
0.5
11
1
0.5
15
5
2.5
15
5
2.5
15
5
2.5
15
5
2.5
12
2
1.0
12
2
1.0
12
2
1.0
12
2
1.0
10
0
0.0
10
0
0.0
10
0
0.0
10
0
0.0
16
6
3.0
16
6
3.0
10
0
0.0
10
0
0.0
11
1
0.5
11
1
0.5
11
1
0.5
11
1
0.5
12
2
1.0
12
2
1.0
15
5
2.5
15
5
2.5
14
4
2.0
14
4
2.0
10
0
0.0
10
0
0.0
13
3
1.5
13
3
1.5
14
4
2.0
14
4
2.0
14
4
2.0
14
4
2.0
]]></system-out>
  <system-err><![CDATA[]]></system-err>
</testsuite>
